# JRE version: Java(TM) SE Runtime Environment (7.0_79-b15) (build 1.7.0_79-b15)
# Java VM: Java HotSpot(TM) 64-Bit Server VM (24.79-b02 mixed mode windows-amd64 compressed oops)
Heap
 PSYoungGen      total 24576K, used 5575K [0x00000007d5e00000, 0x00000007da000000, 0x0000000800000000)
  eden space 24064K, 23% used [0x00000007d5e00000,0x00000007d6369c70,0x00000007d7580000)
  from space 512K, 6% used [0x00000007d9f80000,0x00000007d9f88000,0x00000007da000000)
  to   space 512K, 0% used [0x00000007d9f00000,0x00000007d9f00000,0x00000007d9f80000)
 ParOldGen       total 86016K, used 276K [0x0000000781a00000, 0x0000000786e00000, 0x00000007d5e00000)
  object space 86016K, 0% used [0x0000000781a00000,0x0000000781a45060,0x0000000786e00000)
 PSPermGen       total 21504K, used 2774K [0x000000077c800000, 0x000000077dd00000, 0x0000000781a00000)
  object space 21504K, 12% used [0x000000077c800000,0x000000077cab5a80,0x000000077dd00000)
GC Heap History (10 events):
Event: 18.295 GC heap before
{Heap before GC invocations=250 (full 0):
 PSYoungGen      total 24576K, used 24096K [0x00000007d5e00000, 0x00000007da000000, 0x0000000800000000)
  eden space 24064K, 100% used [0x00000007d5e00000,0x00000007d7580000,0x00000007d7580000)
  from space 512K, 6% used [0x00000007d9f00000,0x00000007d9f08000,0x00000007d9f80000)
  to   space 512K, 0% used [0x00000007d9f80000,0x00000007d9f80000,0x00000007da000000)
 ParOldGen       total 86016K, used 276K [0x0000000781a00000, 0x0000000786e00000, 0x00000007d5e00000)
  object space 86016K, 0% used [0x0000000781a00000,0x0000000781a45060,0x0000000786e00000)
 PSPermGen       total 21504K, used 2740K [0x000000077c800000, 0x000000077dd00000, 0x0000000781a00000)
  object space 21504K, 12% used [0x000000077c800000,0x000000077caad1d0,0x000000077dd00000)
Event: 18.295 GC heap after
Heap after GC invocations=250 (full 0):
 PSYoungGen      total 24576K, used 32K [0x00000007d5e00000, 0x00000007da000000, 0x0000000800000000)
  eden space 24064K, 0% used [0x00000007d5e00000,0x00000007d5e00000,0x00000007d7580000)
  from space 512K, 6% used [0x00000007d9f80000,0x00000007d9f88000,0x00000007da000000)
  to   space 512K, 0% used [0x00000007d9f00000,0x00000007d9f00000,0x00000007d9f80000)
 ParOldGen       total 86016K, used 276K [0x0000000781a00000, 0x0000000786e00000, 0x00000007d5e00000)
  object space 86016K, 0% used [0x0000000781a00000,0x0000000781a45060,0x0000000786e00000)
 PSPermGen       total 21504K, used 2740K [0x000000077c800000, 0x000000077dd00000, 0x0000000781a00000)
  object space 21504K, 12% used [0x000000077c800000,0x000000077caad1d0,0x000000077dd00000)
}
Event: 18.347 GC heap before
{Heap before GC invocations=251 (full 0):
 PSYoungGen      total 24576K, used 24096K [0x00000007d5e00000, 0x00000007da000000, 0x0000000800000000)
  eden space 24064K, 100% used [0x00000007d5e00000,0x00000007d7580000,0x00000007d7580000)
  from space 512K, 6% used [0x00000007d9f80000,0x00000007d9f88000,0x00000007da000000)
  to   space 512K, 0% used [0x00000007d9f00000,0x00000007d9f00000,0x00000007d9f80000)
 ParOldGen       total 86016K, used 276K [0x0000000781a00000, 0x0000000786e00000, 0x00000007d5e00000)
  object space 86016K, 0% used [0x0000000781a00000,0x0000000781a45060,0x0000000786e00000)
 PSPermGen       total 21504K, used 2740K [0x000000077c800000, 0x000000077dd00000, 0x0000000781a00000)
  object space 21504K, 12% used [0x000000077c800000,0x000000077caad1d0,0x000000077dd00000)
Event: 18.347 GC heap after
Heap after GC invocations=251 (full 0):
 PSYoungGen      total 24576K, used 32K [0x00000007d5e00000, 0x00000007da000000, 0x0000000800000000)
  eden space 24064K, 0% used [0x00000007d5e00000,0x00000007d5e00000,0x00000007d7580000)
  from space 512K, 6% used [0x00000007d9f00000,0x00000007d9f08000,0x00000007d9f80000)
  to   space 512K, 0% used [0x00000007d9f80000,0x00000007d9f80000,0x00000007da000000)
 ParOldGen       total 86016K, used 276K [0x0000000781a00000, 0x0000000786e00000, 0x00000007d5e00000)
  object space 86016K, 0% used [0x0000000781a00000,0x0000000781a45060,0x0000000786e00000)
 PSPermGen       total 21504K, used 2740K [0x000000077c800000, 0x000000077dd00000, 0x0000000781a00000)
  object space 21504K, 12% used [0x000000077c800000,0x000000077caad1d0,0x000000077dd00000)
}
Event: 18.399 GC heap before
{Heap before GC invocations=252 (full 0):
 PSYoungGen      total 24576K, used 24096K [0x00000007d5e00000, 0x00000007da000000, 0x0000000800000000)
  eden space 24064K, 100% used [0x00000007d5e00000,0x00000007d7580000,0x00000007d7580000)
  from space 512K, 6% used [0x00000007d9f00000,0x00000007d9f08000,0x00000007d9f80000)
  to   space 512K, 0% used [0x00000007d9f80000,0x00000007d9f80000,0x00000007da000000)
 ParOldGen       total 86016K, used 276K [0x0000000781a00000, 0x0000000786e00000, 0x00000007d5e00000)
  object space 86016K, 0% used [0x0000000781a00000,0x0000000781a45060,0x0000000786e00000)
 PSPermGen       total 21504K, used 2740K [0x000000077c800000, 0x000000077dd00000, 0x0000000781a00000)
  object space 21504K, 12% used [0x000000077c800000,0x000000077caad1d0,0x000000077dd00000)
Event: 18.399 GC heap after
Heap after GC invocations=252 (full 0):
 PSYoungGen      total 24576K, used 32K [0x00000007d5e00000, 0x00000007da000000, 0x0000000800000000)
  eden space 24064K, 0% used [0x00000007d5e00000,0x00000007d5e00000,0x00000007d7580000)
  from space 512K, 6% used [0x00000007d9f80000,0x00000007d9f88000,0x00000007da000000)
  to   space 512K, 0% used [0x00000007d9f00000,0x00000007d9f00000,0x00000007d9f80000)
 ParOldGen       total 86016K, used 276K [0x0000000781a00000, 0x0000000786e00000, 0x00000007d5e00000)
  object space 86016K, 0% used [0x0000000781a00000,0x0000000781a45060,0x0000000786e00000)
 PSPermGen       total 21504K, used 2740K [0x000000077c800000, 0x000000077dd00000, 0x0000000781a00000)
  object space 21504K, 12% used [0x000000077c800000,0x000000077caad1d0,0x000000077dd00000)
}
Event: 18.451 GC heap before
{Heap before GC invocations=253 (full 0):
 PSYoungGen      total 24576K, used 24096K [0x00000007d5e00000, 0x00000007da000000, 0x0000000800000000)
  eden space 24064K, 100% used [0x00000007d5e00000,0x00000007d7580000,0x00000007d7580000)
  from space 512K, 6% used [0x00000007d9f80000,0x00000007d9f88000,0x00000007da000000)
  to   space 512K, 0% used [0x00000007d9f00000,0x00000007d9f00000,0x00000007d9f80000)
 ParOldGen       total 86016K, used 276K [0x0000000781a00000, 0x0000000786e00000, 0x00000007d5e00000)
  object space 86016K, 0% used [0x0000000781a00000,0x0000000781a45060,0x0000000786e00000)
 PSPermGen       total 21504K, used 2740K [0x000000077c800000, 0x000000077dd00000, 0x0000000781a00000)
  object space 21504K, 12% used [0x000000077c800000,0x000000077caad1d0,0x000000077dd00000)
Event: 18.451 GC heap after
Heap after GC invocations=253 (full 0):
 PSYoungGen      total 24576K, used 32K [0x00000007d5e00000, 0x00000007da000000, 0x0000000800000000)
  eden space 24064K, 0% used [0x00000007d5e00000,0x00000007d5e00000,0x00000007d7580000)
  from space 512K, 6% used [0x00000007d9f00000,0x00000007d9f08000,0x00000007d9f80000)
  to   space 512K, 0% used [0x00000007d9f80000,0x00000007d9f80000,0x00000007da000000)
 ParOldGen       total 86016K, used 276K [0x0000000781a00000, 0x0000000786e00000, 0x00000007d5e00000)
  object space 86016K, 0% used [0x0000000781a00000,0x0000000781a45060,0x0000000786e00000)
 PSPermGen       total 21504K, used 2740K [0x000000077c800000, 0x000000077dd00000, 0x0000000781a00000)
  object space 21504K, 12% used [0x000000077c800000,0x000000077caad1d0,0x000000077dd00000)
}
Event: 18.503 GC heap before
{Heap before GC invocations=254 (full 0):
 PSYoungGen      total 24576K, used 24096K [0x00000007d5e00000, 0x00000007da000000, 0x0000000800000000)
  eden space 24064K, 100% used [0x00000007d5e00000,0x00000007d7580000,0x00000007d7580000)
  from space 512K, 6% used [0x00000007d9f00000,0x00000007d9f08000,0x00000007d9f80000)
  to   space 512K, 0% used [0x00000007d9f80000,0x00000007d9f80000,0x00000007da000000)
 ParOldGen       total 86016K, used 276K [0x0000000781a00000, 0x0000000786e00000, 0x00000007d5e00000)
  object space 86016K, 0% used [0x0000000781a00000,0x0000000781a45060,0x0000000786e00000)
 PSPermGen       total 21504K, used 2740K [0x000000077c800000, 0x000000077dd00000, 0x0000000781a00000)
  object space 21504K, 12% used [0x000000077c800000,0x000000077caad1d0,0x000000077dd00000)
Event: 18.503 GC heap after
Heap after GC invocations=254 (full 0):
 PSYoungGen      total 24576K, used 32K [0x00000007d5e00000, 0x00000007da000000, 0x0000000800000000)
  eden space 24064K, 0% used [0x00000007d5e00000,0x00000007d5e00000,0x00000007d7580000)
  from space 512K, 6% used [0x00000007d9f80000,0x00000007d9f88000,0x00000007da000000)
  to   space 512K, 0% used [0x00000007d9f00000,0x00000007d9f00000,0x00000007d9f80000)
 ParOldGen       total 86016K, used 276K [0x0000000781a00000, 0x0000000786e00000, 0x00000007d5e00000)
  object space 86016K, 0% used [0x0000000781a00000,0x0000000781a45060,0x0000000786e00000)
 PSPermGen       total 21504K, used 2740K [0x000000077c800000, 0x000000077dd00000, 0x0000000781a00000)
  object space 21504K, 12% used [0x000000077c800000,0x000000077caad1d0,0x000000077dd00000)
}

