# JRE version: Java(TM) SE Runtime Environment (7.0_79-b15) (build 1.7.0_79-b15)
# Java VM: Java HotSpot(TM) 64-Bit Server VM (24.79-b02 mixed mode windows-amd64 compressed oops)
Heap
 PSYoungGen      total 24576K, used 759K [0x00000007d5e00000, 0x00000007d8400000, 0x0000000800000000)
  eden space 24064K, 3% used [0x00000007d5e00000,0x00000007d5eb5cc8,0x00000007d7580000)
  from space 512K, 6% used [0x00000007d8380000,0x00000007d8388000,0x00000007d8400000)
  to   space 512K, 0% used [0x00000007d8300000,0x00000007d8300000,0x00000007d8380000)
 ParOldGen       total 86016K, used 272K [0x0000000781a00000, 0x0000000786e00000, 0x00000007d5e00000)
  object space 86016K, 0% used [0x0000000781a00000,0x0000000781a44050,0x0000000786e00000)
 PSPermGen       total 21504K, used 2790K [0x000000077c800000, 0x000000077dd00000, 0x0000000781a00000)
  object space 21504K, 12% used [0x000000077c800000,0x000000077cab9ab0,0x000000077dd00000)
GC Heap History (10 events):
Event: 14.971 GC heap before
{Heap before GC invocations=280 (full 0):
 PSYoungGen      total 24576K, used 24096K [0x00000007d5e00000, 0x00000007d8400000, 0x0000000800000000)
  eden space 24064K, 100% used [0x00000007d5e00000,0x00000007d7580000,0x00000007d7580000)
  from space 512K, 6% used [0x00000007d8300000,0x00000007d8308000,0x00000007d8380000)
  to   space 512K, 0% used [0x00000007d8380000,0x00000007d8380000,0x00000007d8400000)
 ParOldGen       total 86016K, used 272K [0x0000000781a00000, 0x0000000786e00000, 0x00000007d5e00000)
  object space 86016K, 0% used [0x0000000781a00000,0x0000000781a44050,0x0000000786e00000)
 PSPermGen       total 21504K, used 2740K [0x000000077c800000, 0x000000077dd00000, 0x0000000781a00000)
  object space 21504K, 12% used [0x000000077c800000,0x000000077caad1c0,0x000000077dd00000)
Event: 14.971 GC heap after
Heap after GC invocations=280 (full 0):
 PSYoungGen      total 24576K, used 32K [0x00000007d5e00000, 0x00000007d8400000, 0x0000000800000000)
  eden space 24064K, 0% used [0x00000007d5e00000,0x00000007d5e00000,0x00000007d7580000)
  from space 512K, 6% used [0x00000007d8380000,0x00000007d8388000,0x00000007d8400000)
  to   space 512K, 0% used [0x00000007d8300000,0x00000007d8300000,0x00000007d8380000)
 ParOldGen       total 86016K, used 272K [0x0000000781a00000, 0x0000000786e00000, 0x00000007d5e00000)
  object space 86016K, 0% used [0x0000000781a00000,0x0000000781a44050,0x0000000786e00000)
 PSPermGen       total 21504K, used 2740K [0x000000077c800000, 0x000000077dd00000, 0x0000000781a00000)
  object space 21504K, 12% used [0x000000077c800000,0x000000077caad1c0,0x000000077dd00000)
}
Event: 15.022 GC heap before
{Heap before GC invocations=281 (full 0):
 PSYoungGen      total 24576K, used 24096K [0x00000007d5e00000, 0x00000007d8400000, 0x0000000800000000)
  eden space 24064K, 100% used [0x00000007d5e00000,0x00000007d7580000,0x00000007d7580000)
  from space 512K, 6% used [0x00000007d8380000,0x00000007d8388000,0x00000007d8400000)
  to   space 512K, 0% used [0x00000007d8300000,0x00000007d8300000,0x00000007d8380000)
 ParOldGen       total 86016K, used 272K [0x0000000781a00000, 0x0000000786e00000, 0x00000007d5e00000)
  object space 86016K, 0% used [0x0000000781a00000,0x0000000781a44050,0x0000000786e00000)
 PSPermGen       total 21504K, used 2740K [0x000000077c800000, 0x000000077dd00000, 0x0000000781a00000)
  object space 21504K, 12% used [0x000000077c800000,0x000000077caad1c0,0x000000077dd00000)
Event: 15.023 GC heap after
Heap after GC invocations=281 (full 0):
 PSYoungGen      total 24576K, used 32K [0x00000007d5e00000, 0x00000007d8400000, 0x0000000800000000)
  eden space 24064K, 0% used [0x00000007d5e00000,0x00000007d5e00000,0x00000007d7580000)
  from space 512K, 6% used [0x00000007d8300000,0x00000007d8308000,0x00000007d8380000)
  to   space 512K, 0% used [0x00000007d8380000,0x00000007d8380000,0x00000007d8400000)
 ParOldGen       total 86016K, used 272K [0x0000000781a00000, 0x0000000786e00000, 0x00000007d5e00000)
  object space 86016K, 0% used [0x0000000781a00000,0x0000000781a44050,0x0000000786e00000)
 PSPermGen       total 21504K, used 2740K [0x000000077c800000, 0x000000077dd00000, 0x0000000781a00000)
  object space 21504K, 12% used [0x000000077c800000,0x000000077caad1c0,0x000000077dd00000)
}
Event: 15.074 GC heap before
{Heap before GC invocations=282 (full 0):
 PSYoungGen      total 24576K, used 24096K [0x00000007d5e00000, 0x00000007d8400000, 0x0000000800000000)
  eden space 24064K, 100% used [0x00000007d5e00000,0x00000007d7580000,0x00000007d7580000)
  from space 512K, 6% used [0x00000007d8300000,0x00000007d8308000,0x00000007d8380000)
  to   space 512K, 0% used [0x00000007d8380000,0x00000007d8380000,0x00000007d8400000)
 ParOldGen       total 86016K, used 272K [0x0000000781a00000, 0x0000000786e00000, 0x00000007d5e00000)
  object space 86016K, 0% used [0x0000000781a00000,0x0000000781a44050,0x0000000786e00000)
 PSPermGen       total 21504K, used 2740K [0x000000077c800000, 0x000000077dd00000, 0x0000000781a00000)
  object space 21504K, 12% used [0x000000077c800000,0x000000077caad1c0,0x000000077dd00000)
Event: 15.075 GC heap after
Heap after GC invocations=282 (full 0):
 PSYoungGen      total 24576K, used 32K [0x00000007d5e00000, 0x00000007d8400000, 0x0000000800000000)
  eden space 24064K, 0% used [0x00000007d5e00000,0x00000007d5e00000,0x00000007d7580000)
  from space 512K, 6% used [0x00000007d8380000,0x00000007d8388000,0x00000007d8400000)
  to   space 512K, 0% used [0x00000007d8300000,0x00000007d8300000,0x00000007d8380000)
 ParOldGen       total 86016K, used 272K [0x0000000781a00000, 0x0000000786e00000, 0x00000007d5e00000)
  object space 86016K, 0% used [0x0000000781a00000,0x0000000781a44050,0x0000000786e00000)
 PSPermGen       total 21504K, used 2740K [0x000000077c800000, 0x000000077dd00000, 0x0000000781a00000)
  object space 21504K, 12% used [0x000000077c800000,0x000000077caad1c0,0x000000077dd00000)
}
Event: 15.126 GC heap before
{Heap before GC invocations=283 (full 0):
 PSYoungGen      total 24576K, used 24096K [0x00000007d5e00000, 0x00000007d8400000, 0x0000000800000000)
  eden space 24064K, 100% used [0x00000007d5e00000,0x00000007d7580000,0x00000007d7580000)
  from space 512K, 6% used [0x00000007d8380000,0x00000007d8388000,0x00000007d8400000)
  to   space 512K, 0% used [0x00000007d8300000,0x00000007d8300000,0x00000007d8380000)
 ParOldGen       total 86016K, used 272K [0x0000000781a00000, 0x0000000786e00000, 0x00000007d5e00000)
  object space 86016K, 0% used [0x0000000781a00000,0x0000000781a44050,0x0000000786e00000)
 PSPermGen       total 21504K, used 2740K [0x000000077c800000, 0x000000077dd00000, 0x0000000781a00000)
  object space 21504K, 12% used [0x000000077c800000,0x000000077caad1c0,0x000000077dd00000)
Event: 15.126 GC heap after
Heap after GC invocations=283 (full 0):
 PSYoungGen      total 24576K, used 32K [0x00000007d5e00000, 0x00000007d8400000, 0x0000000800000000)
  eden space 24064K, 0% used [0x00000007d5e00000,0x00000007d5e00000,0x00000007d7580000)
  from space 512K, 6% used [0x00000007d8300000,0x00000007d8308000,0x00000007d8380000)
  to   space 512K, 0% used [0x00000007d8380000,0x00000007d8380000,0x00000007d8400000)
 ParOldGen       total 86016K, used 272K [0x0000000781a00000, 0x0000000786e00000, 0x00000007d5e00000)
  object space 86016K, 0% used [0x0000000781a00000,0x0000000781a44050,0x0000000786e00000)
 PSPermGen       total 21504K, used 2740K [0x000000077c800000, 0x000000077dd00000, 0x0000000781a00000)
  object space 21504K, 12% used [0x000000077c800000,0x000000077caad1c0,0x000000077dd00000)
}
Event: 15.178 GC heap before
{Heap before GC invocations=284 (full 0):
 PSYoungGen      total 24576K, used 24096K [0x00000007d5e00000, 0x00000007d8400000, 0x0000000800000000)
  eden space 24064K, 100% used [0x00000007d5e00000,0x00000007d7580000,0x00000007d7580000)
  from space 512K, 6% used [0x00000007d8300000,0x00000007d8308000,0x00000007d8380000)
  to   space 512K, 0% used [0x00000007d8380000,0x00000007d8380000,0x00000007d8400000)
 ParOldGen       total 86016K, used 272K [0x0000000781a00000, 0x0000000786e00000, 0x00000007d5e00000)
  object space 86016K, 0% used [0x0000000781a00000,0x0000000781a44050,0x0000000786e00000)
 PSPermGen       total 21504K, used 2740K [0x000000077c800000, 0x000000077dd00000, 0x0000000781a00000)
  object space 21504K, 12% used [0x000000077c800000,0x000000077caad1c0,0x000000077dd00000)
Event: 15.178 GC heap after
Heap after GC invocations=284 (full 0):
 PSYoungGen      total 24576K, used 32K [0x00000007d5e00000, 0x00000007d8400000, 0x0000000800000000)
  eden space 24064K, 0% used [0x00000007d5e00000,0x00000007d5e00000,0x00000007d7580000)
  from space 512K, 6% used [0x00000007d8380000,0x00000007d8388000,0x00000007d8400000)
  to   space 512K, 0% used [0x00000007d8300000,0x00000007d8300000,0x00000007d8380000)
 ParOldGen       total 86016K, used 272K [0x0000000781a00000, 0x0000000786e00000, 0x00000007d5e00000)
  object space 86016K, 0% used [0x0000000781a00000,0x0000000781a44050,0x0000000786e00000)
 PSPermGen       total 21504K, used 2740K [0x000000077c800000, 0x000000077dd00000, 0x0000000781a00000)
  object space 21504K, 12% used [0x000000077c800000,0x000000077caad1c0,0x000000077dd00000)
}

